Determining if the pthread_create exist failed with the following output:
Change Dir: /home/ding/桌面/tfhe-master原版 (三次修改FFT)-3密钥合并/build/CMakeFiles/CMakeTmp

Run Build Command:"/usr/bin/make" "cmTC_25620/fast"
/usr/bin/make -f CMakeFiles/cmTC_25620.dir/build.make CMakeFiles/cmTC_25620.dir/build
make[1]: 正在进入目录 `/home/ding/桌面/tfhe-master原版 (三次修改FFT)-3密钥合并/build/CMakeFiles/CMakeTmp'
Building C object CMakeFiles/cmTC_25620.dir/CheckSymbolExists.c.o
/usr/bin/cc    -o CMakeFiles/cmTC_25620.dir/CheckSymbolExists.c.o   -c "/home/ding/桌面/tfhe-master原版 (三次修改FFT)-3密钥合并/build/CMakeFiles/CMakeTmp/CheckSymbolExists.c"
Linking C executable cmTC_25620
/usr/local/bin/cmake -E cmake_link_script CMakeFiles/cmTC_25620.dir/link.txt --verbose=1
/usr/bin/cc      -rdynamic CMakeFiles/cmTC_25620.dir/CheckSymbolExists.c.o  -o cmTC_25620 
CMakeFiles/cmTC_25620.dir/CheckSymbolExists.c.o：在函数‘main’中：
CheckSymbolExists.c:(.text+0x16)：对‘pthread_create’未定义的引用
collect2: 错误：ld 返回 1
make[1]: *** [cmTC_25620] 错误 1
make[1]:正在离开目录 `/home/ding/桌面/tfhe-master原版 (三次修改FFT)-3密钥合并/build/CMakeFiles/CMakeTmp'
make: *** [cmTC_25620/fast] 错误 2

File /home/ding/桌面/tfhe-master原版 (三次修改FFT)-3密钥合并/build/CMakeFiles/CMakeTmp/CheckSymbolExists.c:
/* */
#include <pthread.h>

int main(int argc, char** argv)
{
  (void)argv;
#ifndef pthread_create
  return ((int*)(&pthread_create))[argc];
#else
  (void)argc;
  return 0;
#endif
}

Determining if the function pthread_create exists in the pthreads failed with the following output:
Change Dir: /home/ding/桌面/tfhe-master原版 (三次修改FFT)-3密钥合并/build/CMakeFiles/CMakeTmp

Run Build Command:"/usr/bin/make" "cmTC_43d20/fast"
/usr/bin/make -f CMakeFiles/cmTC_43d20.dir/build.make CMakeFiles/cmTC_43d20.dir/build
make[1]: 正在进入目录 `/home/ding/桌面/tfhe-master原版 (三次修改FFT)-3密钥合并/build/CMakeFiles/CMakeTmp'
Building C object CMakeFiles/cmTC_43d20.dir/CheckFunctionExists.c.o
/usr/bin/cc   -DCHECK_FUNCTION_EXISTS=pthread_create   -o CMakeFiles/cmTC_43d20.dir/CheckFunctionExists.c.o   -c /usr/local/share/cmake-3.8/Modules/CheckFunctionExists.c
Linking C executable cmTC_43d20
/usr/local/bin/cmake -E cmake_link_script CMakeFiles/cmTC_43d20.dir/link.txt --verbose=1
/usr/bin/cc  -DCHECK_FUNCTION_EXISTS=pthread_create    -rdynamic CMakeFiles/cmTC_43d20.dir/CheckFunctionExists.c.o  -o cmTC_43d20 -lpthreads 
/usr/bin/ld: 找不到 -lpthreads
collect2: 错误：ld 返回 1
make[1]: *** [cmTC_43d20] 错误 1
make[1]:正在离开目录 `/home/ding/桌面/tfhe-master原版 (三次修改FFT)-3密钥合并/build/CMakeFiles/CMakeTmp'
make: *** [cmTC_43d20/fast] 错误 2


